0 info it worked if it ends with ok
1 verbose cli [ 'node', '/usr/local/bin/npm', 'start' ]
2 info using npm@2.0.0-beta.0
3 info using node@v0.10.31
4 verbose node symlink /usr/local/bin/node
5 verbose run-script [ 'prestart', 'start', 'poststart' ]
6 info prestart lifterly@0.0.0
7 info start lifterly@0.0.0
8 verbose unsafe-perm in lifecycle true
9 info lifterly@0.0.0 Failed to exec start script
10 error lifterly@0.0.0 start: `node server.js`
10 error Exit status 8
11 error Failed at the lifterly@0.0.0 start script.
11 error This is most likely a problem with the lifterly package,
11 error not with npm itself.
11 error Tell the author that this fails on your system:
11 error     node server.js
11 error You can get their info via:
11 error     npm owner ls lifterly
11 error There is likely additional logging output above.
12 error System Darwin 13.4.0
13 error command "node" "/usr/local/bin/npm" "start"
14 error cwd /Users/jdivock/Projects/ApeShitFuckJacked
15 error node -v v0.10.31
16 error npm -v 2.0.0-beta.0
17 error code ELIFECYCLE
18 verbose exit [ 1, true ]
